  VideorecordDlg.cpp
C:\opencv_460\build\include\opencv2\core.hpp(1746,1): warning C4819: 현재 코드 페이지(949)에서 표시할 수 없는 문자가 파일에 들어 있습니다. 데이터가 손실되지 않게 하려면 해당 파일을 유니코드 형식으로 저장하십시오.
C:\opencv_460\build\include\opencv2\core.hpp(1746,1): warning C4819: 현재 코드 페이지(949)에서 표시할 수 없는 문자가 파일에 들어 있습니다. 데이터가 손실되지 않게 하려면 해당 파일을 유니코드 형식으로 저장하십시오.
C:\opencv_460\build\include\opencv2\core.hpp(1746,1): warning C4819: 현재 코드 페이지(949)에서 표시할 수 없는 문자가 파일에 들어 있습니다. 데이터가 손실되지 않게 하려면 해당 파일을 유니코드 형식으로 저장하십시오.
C:\Users\USER\source\repos\Videorecord(0518)\Videorecord\Videorecord\VideorecordDlg.h(8,10): warning C4067: 전처리기 지시문 다음에 예기치 않은 토큰이 있습니다. 줄 바꿈 문자가 필요합니다.
C:\Users\USER\source\repos\Videorecord(0518)\Videorecord\Videorecord\VideorecordDlg.cpp(13,10): warning C4067: 전처리기 지시문 다음에 예기치 않은 토큰이 있습니다. 줄 바꿈 문자가 필요합니다.
  The contents of <filesystem> are available only with C++17 or later.
C:\Users\USER\source\repos\Videorecord(0518)\Videorecord\Videorecord\VideorecordDlg.cpp(364,24): warning C4244: '인수': 'MIL_INT'에서 'int'(으)로 변환하면서 데이터가 손실될 수 있습니다.
C:\Users\USER\source\repos\Videorecord(0518)\Videorecord\Videorecord\VideorecordDlg.cpp(364,16): warning C4244: '인수': 'MIL_INT'에서 'int'(으)로 변환하면서 데이터가 손실될 수 있습니다.
C:\Users\USER\source\repos\Videorecord(0518)\Videorecord\Videorecord\VideorecordDlg.cpp(425,24): warning C4244: '인수': 'MIL_INT'에서 'int'(으)로 변환하면서 데이터가 손실될 수 있습니다.
C:\Users\USER\source\repos\Videorecord(0518)\Videorecord\Videorecord\VideorecordDlg.cpp(425,16): warning C4244: '인수': 'MIL_INT'에서 'int'(으)로 변환하면서 데이터가 손실될 수 있습니다.
C:\Users\USER\source\repos\Videorecord(0518)\Videorecord\Videorecord\VideorecordDlg.cpp(546,19): warning C4244: '인수': 'MIL_INT'에서 '_Tp'(으)로 변환하면서 데이터가 손실될 수 있습니다.
          with
          [
              _Tp=int
          ]
C:\Users\USER\source\repos\Videorecord(0518)\Videorecord\Videorecord\VideorecordDlg.cpp(546,11): warning C4244: '인수': 'MIL_INT'에서 '_Tp'(으)로 변환하면서 데이터가 손실될 수 있습니다.
          with
          [
              _Tp=int
          ]
C:\Users\USER\source\repos\Videorecord(0518)\Videorecord\Videorecord\VideorecordDlg.cpp(568,20): warning C4244: '초기화 중': '_Rep'에서 'double'(으)로 변환하면서 데이터가 손실될 수 있습니다.
          with
          [
              _Rep=__int64
          ]
C:\Users\USER\source\repos\Videorecord(0518)\Videorecord\Videorecord\VideorecordDlg.cpp(591,11): warning C4244: '초기화 중': 'MIL_DOUBLE'에서 'int'(으)로 변환하면서 데이터가 손실될 수 있습니다.
C:\Users\USER\source\repos\Videorecord(0518)\Videorecord\Videorecord\VideorecordDlg.cpp(597,28): warning C4244: '=': 'unsigned __int64'에서 'float'(으)로 변환하면서 데이터가 손실될 수 있습니다.
C:\Users\USER\source\repos\Videorecord(0518)\Videorecord\Videorecord\VideorecordDlg.cpp(599,15): warning C4244: '초기화 중': 'float'에서 'int'(으)로 변환하면서 데이터가 손실될 수 있습니다.
C:\Users\USER\source\repos\Videorecord(0518)\Videorecord\Videorecord\VideorecordDlg.cpp(675,22): warning C4244: '인수': 'MIL_INT'에서 'int'(으)로 변환하면서 데이터가 손실될 수 있습니다.
C:\Users\USER\source\repos\Videorecord(0518)\Videorecord\Videorecord\VideorecordDlg.cpp(675,14): warning C4244: '인수': 'MIL_INT'에서 'int'(으)로 변환하면서 데이터가 손실될 수 있습니다.
C:\Users\USER\source\repos\Videorecord(0518)\Videorecord\Videorecord\VideorecordDlg.cpp(676,23): warning C4244: '인수': 'MIL_INT'에서 'int'(으)로 변환하면서 데이터가 손실될 수 있습니다.
C:\Users\USER\source\repos\Videorecord(0518)\Videorecord\Videorecord\VideorecordDlg.cpp(676,15): warning C4244: '인수': 'MIL_INT'에서 'int'(으)로 변환하면서 데이터가 손실될 수 있습니다.
C:\Users\USER\source\repos\Videorecord(0518)\Videorecord\Videorecord\VideorecordDlg.cpp(682,42): warning C4267: '초기화 중': 'size_t'에서 'int'(으)로 변환하면서 데이터가 손실될 수 있습니다.
C:\Users\USER\source\repos\Videorecord(0518)\Videorecord\Videorecord\VideorecordDlg.cpp(702,25): warning C4244: '인수': 'MIL_INT'에서 'int'(으)로 변환하면서 데이터가 손실될 수 있습니다.
C:\Users\USER\source\repos\Videorecord(0518)\Videorecord\Videorecord\VideorecordDlg.cpp(702,17): warning C4244: '인수': 'MIL_INT'에서 'int'(으)로 변환하면서 데이터가 손실될 수 있습니다.
C:\Users\USER\source\repos\Videorecord(0518)\Videorecord\Videorecord\VideorecordDlg.cpp(811,42): warning C4267: '초기화 중': 'size_t'에서 'int'(으)로 변환하면서 데이터가 손실될 수 있습니다.
  코드를 생성하고 있습니다.
  3 of 486 functions ( 0.6%) were compiled, the rest were copied from previous compilation.
    0 functions were new in current compilation
    2 functions had inline decision re-evaluated but remain unchanged
  코드를 생성했습니다.
  Videorecord.vcxproj -> C:\Users\USER\source\repos\Videorecord(0518)\Videorecord\x64\Release\Videorecord.exe
